2024-05-29 12:44:24.181+0000 INFO  Logging config in use: File '/var/lib/neo4j/conf/user-logs.xml'
2024-05-29 12:44:24.196+0000 INFO  Starting...
2024-05-29 12:44:25.121+0000 INFO  This instance is ServerId{8c8a5fdd} (8c8a5fdd-f993-4a7c-ab9f-0267bd902cf8)
2024-05-29 12:44:25.935+0000 INFO  ======== Neo4j 5.20.0 ========
2024-05-29 12:44:26.098+0000 INFO  Progress tracking: enabled
2024-05-29 12:44:26.099+0000 INFO  Memory usage guard: minimum estimate
2024-05-29 12:44:26.103+0000 INFO  GDS license file: null
2024-05-29 12:44:26.104+0000 INFO  GDS license state: unlicensed
2024-05-29 12:44:26.113+0000 INFO  Register GraphDataScience...
2024-05-29 12:44:26.128+0000 INFO  GraphDataScience registered.
2024-05-29 12:44:26.129+0000 INFO  Register GraphDataScienceExtras...
2024-05-29 12:44:26.130+0000 INFO  GraphDataScienceExtras registered.
2024-05-29 12:44:26.131+0000 INFO  Register MetricsFacade...
2024-05-29 12:44:26.131+0000 INFO  MetricsFacade registered.
2024-05-29 12:44:26.132+0000 INFO  Register legacy Task Store/ Registry...
2024-05-29 12:44:26.133+0000 INFO  Task Store/ Registry registered.
2024-05-29 12:44:26.133+0000 INFO  Register legacy User Log Registry...
2024-05-29 12:44:26.134+0000 INFO  User Log Registry registered.
2024-05-29 12:44:26.318+0000 INFO  GDS compatibility: for Neo4j Settings 5.x -- available, for Neo4j Settings 4.4 -- not available, selected: Neo4j Settings 5.x
2024-05-29 12:44:26.318+0000 INFO  GDS compatibility: for Neo4j 4.4 -- not available, for Neo4j 5.11 -- not available, for Neo4j 5.12 -- not available, for Neo4j 5.13 -- not available, for Neo4j 5.14 -- not available, for Neo4j 5.15 -- not available, for Neo4j 5.16 -- not available, for Neo4j 5.17 -- not available, for Neo4j 5.18 -- not available, for Neo4j 5.19 -- not available, for Neo4j 5.20 -- available, selected: Neo4j 5.20
2024-05-29 12:44:36.399+0000 INFO  Anonymous Usage Data is being sent to Neo4j, see https://neo4j.com/docs/usage_data/
2024-05-29 12:44:36.549+0000 INFO  Bolt enabled on 0.0.0.0:7687.
2024-05-29 12:44:37.163+0000 INFO  HTTP enabled on 0.0.0.0:7474.
2024-05-29 12:44:37.167+0000 INFO  Remote interface available at http://localhost:7474/
2024-05-29 12:44:37.171+0000 INFO  id: 817FC26175B0F19432E908AA735EB44F4CADC17E6EE93B8758E9D66592329890
2024-05-29 12:44:37.172+0000 INFO  name: system
2024-05-29 12:44:37.173+0000 INFO  creationDate: 2024-05-29T12:44:26.929Z
2024-05-29 12:44:37.173+0000 INFO  Started.
2024-05-29 15:40:36.432+0000 INFO  Neo4j Server shutdown initiated by request
2024-05-29 15:40:36.472+0000 INFO  Stopping...
2024-05-29 15:40:41.591+0000 INFO  Stopped.
2024-05-29 15:50:02.892+0000 INFO  Logging config in use: File '/var/lib/neo4j/conf/user-logs.xml'
2024-05-29 15:50:02.911+0000 INFO  Starting...
2024-05-29 15:50:03.943+0000 INFO  This instance is ServerId{8c8a5fdd} (8c8a5fdd-f993-4a7c-ab9f-0267bd902cf8)
2024-05-29 15:50:04.795+0000 INFO  ======== Neo4j 5.20.0 ========
2024-05-29 15:50:04.957+0000 INFO  Progress tracking: enabled
2024-05-29 15:50:04.959+0000 INFO  Memory usage guard: minimum estimate
2024-05-29 15:50:04.964+0000 INFO  GDS license file: null
2024-05-29 15:50:04.966+0000 INFO  GDS license state: unlicensed
2024-05-29 15:50:04.974+0000 INFO  Register GraphDataScience...
2024-05-29 15:50:04.993+0000 INFO  GraphDataScience registered.
2024-05-29 15:50:04.994+0000 INFO  Register GraphDataScienceExtras...
2024-05-29 15:50:04.995+0000 INFO  GraphDataScienceExtras registered.
2024-05-29 15:50:04.995+0000 INFO  Register MetricsFacade...
2024-05-29 15:50:04.996+0000 INFO  MetricsFacade registered.
2024-05-29 15:50:04.998+0000 INFO  Register legacy Task Store/ Registry...
2024-05-29 15:50:04.999+0000 INFO  Task Store/ Registry registered.
2024-05-29 15:50:04.999+0000 INFO  Register legacy User Log Registry...
2024-05-29 15:50:05.000+0000 INFO  User Log Registry registered.
2024-05-29 15:50:05.196+0000 INFO  GDS compatibility: for Neo4j Settings 5.x -- available, for Neo4j Settings 4.4 -- not available, selected: Neo4j Settings 5.x
2024-05-29 15:50:05.197+0000 INFO  GDS compatibility: for Neo4j 4.4 -- not available, for Neo4j 5.11 -- not available, for Neo4j 5.12 -- not available, for Neo4j 5.13 -- not available, for Neo4j 5.14 -- not available, for Neo4j 5.15 -- not available, for Neo4j 5.16 -- not available, for Neo4j 5.17 -- not available, for Neo4j 5.18 -- not available, for Neo4j 5.19 -- not available, for Neo4j 5.20 -- available, selected: Neo4j 5.20
2024-05-29 15:50:15.003+0000 INFO  Anonymous Usage Data is being sent to Neo4j, see https://neo4j.com/docs/usage_data/
2024-05-29 15:50:16.114+0000 INFO  Bolt enabled on 0.0.0.0:7687.
2024-05-29 15:50:16.709+0000 INFO  HTTP enabled on 0.0.0.0:7474.
2024-05-29 15:50:16.711+0000 INFO  Remote interface available at http://localhost:7474/
2024-05-29 15:50:16.715+0000 INFO  id: 817FC26175B0F19432E908AA735EB44F4CADC17E6EE93B8758E9D66592329890
2024-05-29 15:50:16.716+0000 INFO  name: system
2024-05-29 15:50:16.717+0000 INFO  creationDate: 2024-05-29T12:44:26.929Z
2024-05-29 15:50:16.717+0000 INFO  Started.
2024-05-29 15:54:56.269+0000 INFO  Neo4j Server shutdown initiated by request
2024-05-29 15:54:56.274+0000 INFO  Stopping...
2024-05-29 15:55:01.562+0000 INFO  Stopped.
2024-05-29 15:56:26.907+0000 INFO  Logging config in use: File '/var/lib/neo4j/conf/user-logs.xml'
2024-05-29 15:56:26.922+0000 INFO  Starting...
2024-05-29 15:56:27.882+0000 INFO  This instance is ServerId{8c8a5fdd} (8c8a5fdd-f993-4a7c-ab9f-0267bd902cf8)
2024-05-29 15:56:28.719+0000 INFO  ======== Neo4j 5.20.0 ========
2024-05-29 15:56:28.896+0000 INFO  Progress tracking: enabled
2024-05-29 15:56:28.897+0000 INFO  Memory usage guard: minimum estimate
2024-05-29 15:56:28.901+0000 INFO  GDS license file: null
2024-05-29 15:56:28.902+0000 INFO  GDS license state: unlicensed
2024-05-29 15:56:28.913+0000 INFO  Register GraphDataScience...
2024-05-29 15:56:28.928+0000 INFO  GraphDataScience registered.
2024-05-29 15:56:28.929+0000 INFO  Register GraphDataScienceExtras...
2024-05-29 15:56:28.930+0000 INFO  GraphDataScienceExtras registered.
2024-05-29 15:56:28.931+0000 INFO  Register MetricsFacade...
2024-05-29 15:56:28.932+0000 INFO  MetricsFacade registered.
2024-05-29 15:56:28.933+0000 INFO  Register legacy Task Store/ Registry...
2024-05-29 15:56:28.933+0000 INFO  Task Store/ Registry registered.
2024-05-29 15:56:28.934+0000 INFO  Register legacy User Log Registry...
2024-05-29 15:56:28.934+0000 INFO  User Log Registry registered.
2024-05-29 15:56:29.123+0000 INFO  GDS compatibility: for Neo4j Settings 5.x -- available, for Neo4j Settings 4.4 -- not available, selected: Neo4j Settings 5.x
2024-05-29 15:56:29.124+0000 INFO  GDS compatibility: for Neo4j 4.4 -- not available, for Neo4j 5.11 -- not available, for Neo4j 5.12 -- not available, for Neo4j 5.13 -- not available, for Neo4j 5.14 -- not available, for Neo4j 5.15 -- not available, for Neo4j 5.16 -- not available, for Neo4j 5.17 -- not available, for Neo4j 5.18 -- not available, for Neo4j 5.19 -- not available, for Neo4j 5.20 -- available, selected: Neo4j 5.20
2024-05-29 15:56:39.298+0000 INFO  Anonymous Usage Data is being sent to Neo4j, see https://neo4j.com/docs/usage_data/
2024-05-29 15:56:39.337+0000 INFO  Bolt enabled on 0.0.0.0:7687.
2024-05-29 15:56:39.929+0000 INFO  HTTP enabled on 0.0.0.0:7474.
2024-05-29 15:56:39.933+0000 INFO  Remote interface available at http://localhost:7474/
2024-05-29 15:56:39.938+0000 INFO  id: 817FC26175B0F19432E908AA735EB44F4CADC17E6EE93B8758E9D66592329890
2024-05-29 15:56:39.938+0000 INFO  name: system
2024-05-29 15:56:39.939+0000 INFO  creationDate: 2024-05-29T12:44:26.929Z
2024-05-29 15:56:39.939+0000 INFO  Started.
